INFO 2024-09-05 12:13:40,606 autoreload Watching for file changes with StatReloader
INFO 2024-09-05 12:13:48,101 basehttp "GET / HTTP/1.1" 200 5913
INFO 2024-09-05 12:13:48,149 basehttp "GET /static/css/style.css HTTP/1.1" 304 0
INFO 2024-09-05 12:13:48,157 basehttp "GET /static/images/pichakijani.png HTTP/1.1" 304 0
WARNING 2024-09-05 12:13:48,217 log Not Found: /favicon.ico
WARNING 2024-09-05 12:13:48,218 basehttp "GET /favicon.ico HTTP/1.1" 404 2276
INFO 2024-09-05 12:14:25,491 basehttp "POST / HTTP/1.1" 200 1656
INFO 2024-09-05 12:14:30,679 basehttp "GET / HTTP/1.1" 200 5913
INFO 2024-09-05 12:16:40,899 basehttp "POST / HTTP/1.1" 200 1656
INFO 2024-09-05 12:16:42,616 basehttp "GET / HTTP/1.1" 200 5913
INFO 2024-09-05 12:40:44,347 basehttp "POST / HTTP/1.1" 200 1656
INFO 2024-09-05 12:40:50,567 basehttp "GET / HTTP/1.1" 200 5913
INFO 2024-09-05 12:44:05,681 autoreload C:\Users\Bless\Desktop\try\contactform\formsubmission\views.py changed, reloading.
INFO 2024-09-05 12:44:06,180 autoreload Watching for file changes with StatReloader
INFO 2024-09-05 12:44:15,704 autoreload C:\Users\Bless\Desktop\try\contactform\formsubmission\views.py changed, reloading.
INFO 2024-09-05 12:44:16,104 autoreload Watching for file changes with StatReloader
INFO 2024-09-05 12:52:56,750 autoreload C:\Users\Bless\Desktop\try\contactform\formsubmission\views.py changed, reloading.
INFO 2024-09-05 12:52:58,706 autoreload Watching for file changes with StatReloader
INFO 2024-09-05 12:56:25,658 autoreload Watching for file changes with StatReloader
INFO 2024-09-05 12:56:28,598 basehttp "GET / HTTP/1.1" 200 5913
INFO 2024-09-05 12:57:38,692 basehttp "POST / HTTP/1.1" 200 5090
WARNING 2024-09-05 12:57:41,744 log Not Found: /send-email/
WARNING 2024-09-05 12:57:41,760 basehttp "POST /send-email/ HTTP/1.1" 404 2277
INFO 2024-09-05 13:00:34,002 autoreload C:\Users\Bless\Desktop\try\contactform\formsubmission\views.py changed, reloading.
INFO 2024-09-05 13:00:34,420 autoreload Watching for file changes with StatReloader
INFO 2024-09-05 13:00:36,987 basehttp "GET / HTTP/1.1" 200 5913
INFO 2024-09-05 13:01:19,619 basehttp "POST / HTTP/1.1" 200 5913
INFO 2024-09-05 13:03:13,999 autoreload C:\Users\Bless\Desktop\try\contactform\formsubmission\views.py changed, reloading.
INFO 2024-09-05 13:03:14,451 autoreload Watching for file changes with StatReloader
INFO 2024-09-05 13:03:22,169 basehttp "GET / HTTP/1.1" 200 5913
INFO 2024-09-05 13:04:07,168 basehttp "POST / HTTP/1.1" 200 5913
INFO 2024-09-05 13:04:40,297 autoreload C:\Users\Bless\Desktop\try\contactform\formsubmission\views.py changed, reloading.
INFO 2024-09-05 13:04:40,708 autoreload Watching for file changes with StatReloader
INFO 2024-09-05 13:06:04,096 autoreload C:\Users\Bless\Desktop\try\contactform\formsubmission\views.py changed, reloading.
INFO 2024-09-05 13:06:04,492 autoreload Watching for file changes with StatReloader
INFO 2024-09-05 13:06:41,723 autoreload C:\Users\Bless\Desktop\try\contactform\formsubmission\views.py changed, reloading.
INFO 2024-09-05 13:06:42,102 autoreload Watching for file changes with StatReloader
INFO 2024-09-05 13:06:44,778 basehttp "GET / HTTP/1.1" 200 5913
INFO 2024-09-05 13:07:49,180 basehttp "POST / HTTP/1.1" 200 1656
INFO 2024-09-05 13:40:54,967 basehttp "GET /admin/ HTTP/1.1" 200 7278
INFO 2024-09-05 13:40:54,990 basehttp "GET /static/admin/css/dark_mode.css HTTP/1.1" 304 0
INFO 2024-09-05 13:40:54,991 basehttp "GET /static/admin/css/nav_sidebar.css HTTP/1.1" 304 0
INFO 2024-09-05 13:40:54,991 basehttp "GET /static/admin/css/dashboard.css HTTP/1.1" 304 0
INFO 2024-09-05 13:40:54,993 basehttp "GET /static/admin/css/base.css HTTP/1.1" 304 0
INFO 2024-09-05 13:40:54,999 basehttp "GET /static/admin/js/nav_sidebar.js HTTP/1.1" 304 0
INFO 2024-09-05 13:40:55,002 basehttp "GET /static/admin/css/responsive.css HTTP/1.1" 304 0
INFO 2024-09-05 13:40:55,003 basehttp "GET /static/admin/js/theme.js HTTP/1.1" 304 0
INFO 2024-09-05 13:40:55,026 basehttp "GET /static/admin/img/icon-changelink.svg HTTP/1.1" 304 0
INFO 2024-09-05 13:40:55,026 basehttp "GET /static/admin/img/icon-addlink.svg HTTP/1.1" 304 0
INFO 2024-09-05 13:41:02,582 basehttp "GET /admin/formsubmission/ccemail/ HTTP/1.1" 200 8576
INFO 2024-09-05 13:41:02,597 basehttp "GET /static/admin/css/changelists.css HTTP/1.1" 304 0
INFO 2024-09-05 13:41:02,598 basehttp "GET /static/admin/js/jquery.init.js HTTP/1.1" 304 0
INFO 2024-09-05 13:41:02,598 basehttp "GET /static/admin/js/admin/RelatedObjectLookups.js HTTP/1.1" 304 0
INFO 2024-09-05 13:41:02,598 basehttp "GET /static/admin/js/core.js HTTP/1.1" 304 0
INFO 2024-09-05 13:41:02,598 basehttp "GET /static/admin/js/vendor/jquery/jquery.js HTTP/1.1" 304 0
INFO 2024-09-05 13:41:02,604 basehttp "GET /static/admin/js/actions.js HTTP/1.1" 304 0
INFO 2024-09-05 13:41:02,604 basehttp "GET /static/admin/js/prepopulate.js HTTP/1.1" 304 0
INFO 2024-09-05 13:41:02,604 basehttp "GET /static/admin/js/vendor/xregexp/xregexp.js HTTP/1.1" 304 0
INFO 2024-09-05 13:41:02,604 basehttp "GET /static/admin/js/urlify.js HTTP/1.1" 304 0
INFO 2024-09-05 13:41:02,605 basehttp "GET /admin/jsi18n/ HTTP/1.1" 200 3342
INFO 2024-09-05 13:41:02,659 basehttp "GET /static/admin/img/search.svg HTTP/1.1" 304 0
INFO 2024-09-05 13:41:02,667 basehttp "GET /static/admin/js/filters.js HTTP/1.1" 304 0
INFO 2024-09-05 13:41:02,678 basehttp "GET /static/admin/img/tooltag-add.svg HTTP/1.1" 304 0
INFO 2024-09-05 13:41:03,964 basehttp "GET /admin/formsubmission/cloudaccessemail/ HTTP/1.1" 200 8644
INFO 2024-09-05 13:41:03,978 basehttp "GET /admin/jsi18n/ HTTP/1.1" 200 3342
INFO 2024-09-05 13:41:05,373 basehttp "GET /admin/formsubmission/intermediarycloudaccess/ HTTP/1.1" 200 9323
INFO 2024-09-05 13:41:05,387 basehttp "GET /admin/jsi18n/ HTTP/1.1" 200 3342
INFO 2024-09-05 13:41:05,405 basehttp "GET /static/admin/img/icon-viewlink.svg HTTP/1.1" 304 0
INFO 2024-09-05 13:41:07,343 basehttp "GET /admin/formsubmission/ccemail/ HTTP/1.1" 200 8576
INFO 2024-09-05 13:41:07,356 basehttp "GET /admin/jsi18n/ HTTP/1.1" 200 3342
INFO 2024-09-05 13:41:08,698 basehttp "GET /admin/formsubmission/cloudaccessemail/ HTTP/1.1" 200 8644
INFO 2024-09-05 13:41:08,712 basehttp "GET /admin/jsi18n/ HTTP/1.1" 200 3342
INFO 2024-09-05 13:41:09,562 basehttp "GET /admin/formsubmission/intermediarycloudaccess/ HTTP/1.1" 200 9323
INFO 2024-09-05 13:41:09,575 basehttp "GET /admin/jsi18n/ HTTP/1.1" 200 3342
INFO 2024-09-05 13:41:11,618 basehttp "GET /admin/formsubmission/ccemail/ HTTP/1.1" 200 8576
INFO 2024-09-05 13:41:11,638 basehttp "GET /admin/jsi18n/ HTTP/1.1" 200 3342
INFO 2024-09-05 13:41:12,336 basehttp "GET /admin/formsubmission/cloudaccessemail/ HTTP/1.1" 200 8644
INFO 2024-09-05 13:41:12,349 basehttp "GET /admin/jsi18n/ HTTP/1.1" 200 3342
INFO 2024-09-05 13:41:13,473 basehttp "GET /admin/formsubmission/intermediarycloudaccess/ HTTP/1.1" 200 9323
INFO 2024-09-05 13:41:13,487 basehttp "GET /admin/jsi18n/ HTTP/1.1" 200 3342
INFO 2024-09-05 13:43:01,068 autoreload C:\Users\Bless\Desktop\try\contactform\formsubmission\urls.py changed, reloading.
INFO 2024-09-05 13:43:01,530 autoreload Watching for file changes with StatReloader
INFO 2024-09-05 13:45:25,520 autoreload Watching for file changes with StatReloader
INFO 2024-09-05 13:46:53,970 autoreload C:\Users\Bless\Desktop\try\contactform\formsubmission\views.py changed, reloading.
INFO 2024-09-05 13:46:54,403 autoreload Watching for file changes with StatReloader
INFO 2024-09-05 13:47:00,853 autoreload C:\Users\Bless\Desktop\try\contactform\formsubmission\views.py changed, reloading.
INFO 2024-09-05 13:47:01,319 autoreload Watching for file changes with StatReloader
INFO 2024-09-05 13:54:47,757 basehttp "GET / HTTP/1.1" 200 5913
INFO 2024-09-05 14:11:36,389 basehttp "POST / HTTP/1.1" 200 1656
INFO 2024-09-05 14:11:39,980 basehttp "GET / HTTP/1.1" 200 5913
INFO 2024-09-05 14:18:09,511 basehttp "GET /admin/formsubmission/cloudaccessemail/add/ HTTP/1.1" 200 11087
INFO 2024-09-05 14:18:09,523 basehttp "GET /static/admin/css/forms.css HTTP/1.1" 304 0
INFO 2024-09-05 14:18:09,528 basehttp "GET /static/admin/css/widgets.css HTTP/1.1" 304 0
INFO 2024-09-05 14:18:09,531 basehttp "GET /static/admin/js/prepopulate_init.js HTTP/1.1" 304 0
INFO 2024-09-05 14:18:09,532 basehttp "GET /admin/jsi18n/ HTTP/1.1" 200 3342
INFO 2024-09-05 14:18:09,536 basehttp "GET /static/admin/js/change_form.js HTTP/1.1" 304 0
INFO 2024-09-05 14:18:18,942 basehttp "GET /admin/formsubmission/ccemail/add/ HTTP/1.1" 200 10961
INFO 2024-09-05 14:18:18,963 basehttp "GET /admin/jsi18n/ HTTP/1.1" 200 3342
INFO 2024-09-05 14:18:22,191 basehttp "GET /admin/formsubmission/intermediarycloudaccess/ HTTP/1.1" 200 9323
INFO 2024-09-05 14:18:22,204 basehttp "GET /admin/jsi18n/ HTTP/1.1" 200 3342
INFO 2024-09-05 14:18:23,346 basehttp "GET /admin/formsubmission/intermediarycloudaccess/ HTTP/1.1" 200 9323
INFO 2024-09-05 14:18:23,361 basehttp "GET /admin/jsi18n/ HTTP/1.1" 200 3342
INFO 2024-09-05 14:18:24,456 basehttp "GET /admin/formsubmission/cloudaccessemail/ HTTP/1.1" 200 8644
INFO 2024-09-05 14:18:24,470 basehttp "GET /admin/jsi18n/ HTTP/1.1" 200 3342
INFO 2024-09-05 14:18:26,348 basehttp "GET /admin/formsubmission/ccemail/ HTTP/1.1" 200 8576
INFO 2024-09-05 14:18:26,360 basehttp "GET /admin/jsi18n/ HTTP/1.1" 200 3342
INFO 2024-09-05 14:18:27,686 basehttp "GET /admin/formsubmission/intermediarycloudaccess/ HTTP/1.1" 200 9323
INFO 2024-09-05 14:18:27,699 basehttp "GET /admin/jsi18n/ HTTP/1.1" 200 3342
INFO 2024-09-05 14:18:30,475 basehttp "GET /admin/auth/user/ HTTP/1.1" 200 12075
INFO 2024-09-05 14:18:30,488 basehttp "GET /static/admin/img/icon-yes.svg HTTP/1.1" 304 0
INFO 2024-09-05 14:18:30,490 basehttp "GET /admin/jsi18n/ HTTP/1.1" 200 3342
INFO 2024-09-05 14:18:30,508 basehttp "GET /static/admin/img/sorting-icons.svg HTTP/1.1" 304 0
INFO 2024-09-05 14:18:44,897 basehttp "GET /admin/auth/group/ HTTP/1.1" 200 8545
INFO 2024-09-05 14:18:44,911 basehttp "GET /admin/jsi18n/ HTTP/1.1" 200 3342
INFO 2024-09-05 15:11:39,830 autoreload Watching for file changes with StatReloader
INFO 2024-09-05 15:11:45,428 basehttp "GET / HTTP/1.1" 200 5913
INFO 2024-09-05 15:12:45,056 basehttp "POST / HTTP/1.1" 200 1656
INFO 2024-09-05 15:13:10,345 basehttp "GET / HTTP/1.1" 200 5913
INFO 2024-09-05 15:45:39,119 autoreload Watching for file changes with StatReloader
INFO 2024-09-05 15:45:43,136 basehttp "GET / HTTP/1.1" 200 5913
INFO 2024-09-05 15:47:30,332 basehttp "POST / HTTP/1.1" 200 1656
INFO 2024-09-05 15:47:33,298 basehttp "GET / HTTP/1.1" 200 5913
INFO 2024-09-05 15:50:08,561 autoreload C:\Users\Bless\Desktop\try\contactform\formsubmission\views.py changed, reloading.
INFO 2024-09-05 15:50:09,095 autoreload Watching for file changes with StatReloader
INFO 2024-09-05 15:50:16,734 autoreload C:\Users\Bless\Desktop\try\contactform\formsubmission\views.py changed, reloading.
INFO 2024-09-05 15:50:17,175 autoreload Watching for file changes with StatReloader
INFO 2024-09-05 15:50:20,629 autoreload C:\Users\Bless\Desktop\try\contactform\formsubmission\views.py changed, reloading.
INFO 2024-09-05 15:50:21,087 autoreload Watching for file changes with StatReloader
INFO 2024-09-05 15:50:29,700 autoreload C:\Users\Bless\Desktop\try\contactform\formsubmission\views.py changed, reloading.
INFO 2024-09-05 15:50:30,171 autoreload Watching for file changes with StatReloader
INFO 2024-09-05 15:51:06,794 autoreload C:\Users\Bless\Desktop\try\contactform\formsubmission\views.py changed, reloading.
INFO 2024-09-05 15:51:07,350 autoreload Watching for file changes with StatReloader
INFO 2024-09-05 15:51:19,058 autoreload C:\Users\Bless\Desktop\try\contactform\formsubmission\views.py changed, reloading.
INFO 2024-09-05 15:51:19,553 autoreload Watching for file changes with StatReloader
INFO 2024-09-05 15:52:24,122 autoreload C:\Users\Bless\Desktop\try\contactform\formsubmission\views.py changed, reloading.
INFO 2024-09-05 15:52:24,586 autoreload Watching for file changes with StatReloader
INFO 2024-09-05 15:52:31,037 basehttp "GET / HTTP/1.1" 200 5913
INFO 2024-09-05 15:54:16,686 basehttp "POST / HTTP/1.1" 200 1656
INFO 2024-09-05 15:54:22,652 basehttp "GET / HTTP/1.1" 200 5913
INFO 2024-09-05 15:56:37,359 autoreload C:\Users\Bless\Desktop\try\contactform\formsubmission\views.py changed, reloading.
INFO 2024-09-05 15:56:37,823 autoreload Watching for file changes with StatReloader
INFO 2024-09-05 15:57:14,474 autoreload C:\Users\Bless\Desktop\try\contactform\formsubmission\views.py changed, reloading.
INFO 2024-09-05 15:57:14,972 autoreload Watching for file changes with StatReloader
INFO 2024-09-05 16:00:05,770 basehttp "GET / HTTP/1.1" 200 5913
INFO 2024-09-05 16:01:04,037 basehttp "POST / HTTP/1.1" 200 1656
INFO 2024-09-05 16:03:59,657 basehttp "GET /admin/ HTTP/1.1" 200 7278
INFO 2024-09-05 16:04:01,929 basehttp "GET /admin/formsubmission/ccemail/ HTTP/1.1" 200 8576
INFO 2024-09-05 16:04:01,949 basehttp "GET /admin/jsi18n/ HTTP/1.1" 200 3342
INFO 2024-09-05 16:04:03,653 basehttp "GET /admin/formsubmission/cloudaccessemail/ HTTP/1.1" 200 8644
INFO 2024-09-05 16:04:03,676 basehttp "GET /admin/jsi18n/ HTTP/1.1" 200 3342
INFO 2024-09-05 16:04:04,679 basehttp "GET /admin/formsubmission/intermediarycloudaccess/ HTTP/1.1" 200 9323
INFO 2024-09-05 16:04:04,705 basehttp "GET /admin/jsi18n/ HTTP/1.1" 200 3342
INFO 2024-09-05 16:04:40,247 basehttp "GET /admin/ HTTP/1.1" 200 7278
INFO 2024-09-05 16:04:43,298 basehttp "GET /admin/ HTTP/1.1" 200 7278
INFO 2024-09-05 16:04:45,401 basehttp "POST /admin/logout/ HTTP/1.1" 200 3553
INFO 2024-09-05 16:04:47,345 basehttp "GET /admin/ HTTP/1.1" 302 0
INFO 2024-09-05 16:04:47,380 basehttp "GET /admin/login/?next=/admin/ HTTP/1.1" 200 4158
INFO 2024-09-05 16:04:47,400 basehttp "GET /static/admin/css/login.css HTTP/1.1" 304 0
INFO 2024-09-05 16:11:53,587 basehttp "POST /admin/login/?next=/admin/ HTTP/1.1" 302 0
INFO 2024-09-05 16:11:53,603 basehttp "GET /admin/ HTTP/1.1" 200 7278
INFO 2024-09-05 16:11:57,234 basehttp "GET /admin/formsubmission/intermediarycloudaccess/ HTTP/1.1" 200 9323
INFO 2024-09-05 16:11:57,258 basehttp "GET /admin/jsi18n/ HTTP/1.1" 200 3342
INFO 2024-09-05 16:12:01,703 basehttp "GET /admin/formsubmission/intermediarycloudaccess/?vrn_registered__exact=1 HTTP/1.1" 200 9546
INFO 2024-09-05 16:12:01,717 basehttp "GET /admin/jsi18n/ HTTP/1.1" 200 3342
INFO 2024-09-05 16:12:03,445 basehttp "GET /admin/formsubmission/intermediarycloudaccess/?vrn_registered__exact=0 HTTP/1.1" 200 9546
INFO 2024-09-05 16:12:03,471 basehttp "GET /admin/jsi18n/ HTTP/1.1" 200 3342
INFO 2024-09-05 16:12:07,219 basehttp "GET /admin/auth/user/ HTTP/1.1" 200 12075
INFO 2024-09-05 16:12:07,235 basehttp "GET /admin/jsi18n/ HTTP/1.1" 200 3342
INFO 2024-09-05 16:12:20,234 basehttp "GET /admin/password_change/ HTTP/1.1" 200 8076
INFO 2024-09-05 16:13:02,909 basehttp "POST /admin/password_change/ HTTP/1.1" 200 8275
INFO 2024-09-05 16:13:48,605 basehttp "POST /admin/password_change/ HTTP/1.1" 200 8232
INFO 2024-09-05 16:14:03,258 basehttp "POST /admin/logout/ HTTP/1.1" 200 3553
INFO 2024-09-05 16:35:02,596 basehttp "GET /admin/ HTTP/1.1" 302 0
INFO 2024-09-05 16:35:02,608 basehttp "GET /admin/login/?next=/admin/ HTTP/1.1" 200 4158
INFO 2024-09-05 16:35:26,102 basehttp "POST /admin/login/?next=/admin/ HTTP/1.1" 302 0
INFO 2024-09-05 16:35:26,111 basehttp "GET /admin/ HTTP/1.1" 200 7278
INFO 2024-09-05 16:36:00,570 basehttp "GET /admin/formsubmission/intermediarycloudaccess/ HTTP/1.1" 200 9323
INFO 2024-09-05 16:36:00,599 basehttp "GET /admin/jsi18n/ HTTP/1.1" 200 3342
INFO 2024-09-05 16:36:05,981 basehttp "GET /admin/formsubmission/cloudaccessemail/ HTTP/1.1" 200 8644
INFO 2024-09-05 16:36:06,009 basehttp "GET /admin/jsi18n/ HTTP/1.1" 200 3342
INFO 2024-09-05 21:03:10,193 autoreload Watching for file changes with StatReloader
INFO 2024-09-05 21:03:14,453 basehttp "GET / HTTP/1.1" 200 5913
WARNING 2024-09-05 21:03:14,599 log Not Found: /favicon.ico
WARNING 2024-09-05 21:03:14,599 basehttp "GET /favicon.ico HTTP/1.1" 404 2449
INFO 2024-09-05 21:04:53,244 basehttp "POST / HTTP/1.1" 200 1656
INFO 2024-09-05 21:05:09,731 basehttp "GET /admin/ HTTP/1.1" 200 7278
INFO 2024-09-05 21:05:12,905 basehttp "GET /admin/formsubmission/intermediarycloudaccess/ HTTP/1.1" 200 9323
INFO 2024-09-05 21:05:12,936 basehttp "GET /admin/jsi18n/ HTTP/1.1" 200 3342
INFO 2024-09-05 21:05:14,841 basehttp "GET /admin/formsubmission/cloudaccessemail/ HTTP/1.1" 200 8644
INFO 2024-09-05 21:05:14,862 basehttp "GET /admin/jsi18n/ HTTP/1.1" 200 3342
INFO 2024-09-05 21:05:17,342 basehttp "GET /admin/formsubmission/ccemail/ HTTP/1.1" 200 8576
INFO 2024-09-05 21:05:17,358 basehttp "GET /admin/jsi18n/ HTTP/1.1" 200 3342
INFO 2024-09-05 21:05:53,048 basehttp "GET /admin/formsubmission/intermediarycloudaccess/ HTTP/1.1" 200 9323
INFO 2024-09-05 21:05:53,073 basehttp "GET /admin/jsi18n/ HTTP/1.1" 200 3342
INFO 2024-09-05 21:12:08,309 basehttp "GET /admin/formsubmission/intermediarycloudaccess/ HTTP/1.1" 200 9323
INFO 2024-09-05 21:12:08,340 basehttp "GET /admin/jsi18n/ HTTP/1.1" 200 3342
INFO 2024-09-06 11:19:28,748 autoreload Watching for file changes with StatReloader
WARNING 2024-09-06 11:19:36,668 log Not Found: /
WARNING 2024-09-06 11:19:36,668 basehttp "GET / HTTP/1.1" 404 2403
WARNING 2024-09-06 11:19:36,750 log Not Found: /favicon.ico
WARNING 2024-09-06 11:19:36,750 basehttp "GET /favicon.ico HTTP/1.1" 404 2454
INFO 2024-09-06 11:20:02,033 autoreload C:\Users\Bless\Desktop\try\contactform\formsubmission\urls.py changed, reloading.
INFO 2024-09-06 11:20:02,470 autoreload Watching for file changes with StatReloader
INFO 2024-09-06 11:20:08,178 basehttp "GET / HTTP/1.1" 200 5913
INFO 2024-09-06 11:20:08,188 basehttp "GET /static/css/style.css HTTP/1.1" 304 0
INFO 2024-09-06 11:20:32,670 autoreload C:\Users\Bless\Desktop\try\contactform\formsubmission\urls.py changed, reloading.
INFO 2024-09-06 11:20:33,068 autoreload Watching for file changes with StatReloader
INFO 2024-09-06 11:20:35,435 autoreload C:\Users\Bless\Desktop\try\contactform\formsubmission\urls.py changed, reloading.
INFO 2024-09-06 11:20:35,892 autoreload Watching for file changes with StatReloader
WARNING 2024-09-06 11:20:40,050 log Not Found: /
WARNING 2024-09-06 11:20:40,050 basehttp "GET / HTTP/1.1" 404 2403
INFO 2024-09-06 11:22:31,314 autoreload C:\Users\Bless\Desktop\try\contactform\formsubmission\urls.py changed, reloading.
INFO 2024-09-06 11:22:31,711 autoreload Watching for file changes with StatReloader
INFO 2024-09-06 11:23:39,749 autoreload C:\Users\Bless\Desktop\try\contactform\formsubmission\views.py changed, reloading.
INFO 2024-09-06 11:23:40,167 autoreload Watching for file changes with StatReloader
INFO 2024-09-06 11:23:44,550 autoreload C:\Users\Bless\Desktop\try\contactform\formsubmission\views.py changed, reloading.
INFO 2024-09-06 11:23:44,964 autoreload Watching for file changes with StatReloader
INFO 2024-09-06 11:23:48,297 autoreload C:\Users\Bless\Desktop\try\contactform\formsubmission\views.py changed, reloading.
INFO 2024-09-06 11:23:48,714 autoreload Watching for file changes with StatReloader
INFO 2024-09-06 11:23:52,064 autoreload C:\Users\Bless\Desktop\try\contactform\formsubmission\views.py changed, reloading.
INFO 2024-09-06 11:23:52,468 autoreload Watching for file changes with StatReloader
INFO 2024-09-06 11:23:55,810 autoreload C:\Users\Bless\Desktop\try\contactform\formsubmission\views.py changed, reloading.
INFO 2024-09-06 11:23:56,190 autoreload Watching for file changes with StatReloader
INFO 2024-09-06 12:07:29,249 basehttp "GET / HTTP/1.1" 200 5910
INFO 2024-09-06 12:07:29,306 basehttp "GET /static/images/pichakijani.png HTTP/1.1" 304 0
INFO 2024-09-06 12:07:32,130 basehttp "GET / HTTP/1.1" 200 5910
INFO 2024-09-06 12:07:44,071 autoreload Watching for file changes with StatReloader
INFO 2024-09-06 12:07:47,609 basehttp "GET / HTTP/1.1" 200 5910
INFO 2024-09-06 12:08:51,782 basehttp "POST / HTTP/1.1" 200 1656
INFO 2024-09-06 12:08:53,968 basehttp "GET / HTTP/1.1" 200 5910
INFO 2024-09-06 12:09:05,248 basehttp "GET /admin/ HTTP/1.1" 200 7278
INFO 2024-09-06 12:09:07,591 basehttp "GET /admin/formsubmission/intermediarycloudaccess/ HTTP/1.1" 200 9323
INFO 2024-09-06 12:09:07,607 basehttp "GET /admin/jsi18n/ HTTP/1.1" 200 3342
INFO 2024-09-06 12:09:09,939 basehttp "GET /admin/formsubmission/cloudaccessemail/ HTTP/1.1" 200 8644
INFO 2024-09-06 12:09:09,950 basehttp "GET /admin/jsi18n/ HTTP/1.1" 200 3342
INFO 2024-09-06 12:09:11,936 basehttp "GET /admin/formsubmission/ccemail/ HTTP/1.1" 200 8576
INFO 2024-09-06 12:09:11,949 basehttp "GET /admin/jsi18n/ HTTP/1.1" 200 3342
INFO 2024-09-06 12:09:41,925 autoreload C:\Users\Bless\Desktop\try\contactform\formsubmission\forms.py changed, reloading.
INFO 2024-09-06 12:09:42,339 autoreload Watching for file changes with StatReloader
INFO 2024-09-06 12:09:55,941 autoreload C:\Users\Bless\Desktop\try\contactform\formsubmission\forms.py changed, reloading.
INFO 2024-09-06 12:09:56,373 autoreload Watching for file changes with StatReloader
INFO 2024-09-06 12:10:00,796 autoreload C:\Users\Bless\Desktop\try\contactform\formsubmission\forms.py changed, reloading.
INFO 2024-09-06 12:10:01,240 autoreload Watching for file changes with StatReloader
INFO 2024-09-06 12:10:15,854 autoreload C:\Users\Bless\Desktop\try\contactform\formsubmission\forms.py changed, reloading.
INFO 2024-09-06 12:10:16,293 autoreload Watching for file changes with StatReloader
INFO 2024-09-06 12:10:19,642 autoreload C:\Users\Bless\Desktop\try\contactform\formsubmission\forms.py changed, reloading.
INFO 2024-09-06 12:10:20,044 autoreload Watching for file changes with StatReloader
INFO 2024-09-06 12:10:24,139 basehttp "GET / HTTP/1.1" 200 5910
INFO 2024-09-06 12:10:28,064 basehttp "GET /admin/formsubmission/ccemail/ HTTP/1.1" 200 8576
INFO 2024-09-06 12:10:28,076 basehttp "GET /admin/jsi18n/ HTTP/1.1" 200 3342
INFO 2024-09-06 12:10:30,705 basehttp "GET /admin/formsubmission/intermediarycloudaccess/ HTTP/1.1" 200 9323
INFO 2024-09-06 12:10:30,720 basehttp "GET /admin/jsi18n/ HTTP/1.1" 200 3342
INFO 2024-09-06 12:10:32,428 basehttp "GET /admin/formsubmission/cloudaccessemail/ HTTP/1.1" 200 8644
INFO 2024-09-06 12:10:32,445 basehttp "GET /admin/jsi18n/ HTTP/1.1" 200 3342
INFO 2024-09-06 12:10:34,173 basehttp "GET /admin/formsubmission/ccemail/ HTTP/1.1" 200 8576
INFO 2024-09-06 12:10:34,186 basehttp "GET /admin/jsi18n/ HTTP/1.1" 200 3342
INFO 2024-09-06 12:10:43,263 basehttp "GET /admin/formsubmission/cloudaccessemail/ HTTP/1.1" 200 8644
INFO 2024-09-06 12:10:46,761 basehttp "POST /admin/logout/ HTTP/1.1" 200 3553
INFO 2024-09-06 12:10:49,624 basehttp "GET /admin/ HTTP/1.1" 302 0
INFO 2024-09-06 12:10:49,655 basehttp "GET /admin/login/?next=/admin/ HTTP/1.1" 200 4158
INFO 2024-09-06 12:11:23,573 basehttp "POST /admin/login/?next=/admin/ HTTP/1.1" 302 0
INFO 2024-09-06 12:11:23,583 basehttp "GET /admin/ HTTP/1.1" 200 7278
INFO 2024-09-06 12:11:26,929 basehttp "GET /admin/formsubmission/intermediarycloudaccess/ HTTP/1.1" 200 9323
INFO 2024-09-06 12:11:26,942 basehttp "GET /admin/jsi18n/ HTTP/1.1" 200 3342
INFO 2024-09-06 12:11:28,734 basehttp "GET /admin/formsubmission/cloudaccessemail/ HTTP/1.1" 200 8644
INFO 2024-09-06 12:11:28,745 basehttp "GET /admin/jsi18n/ HTTP/1.1" 200 3342
INFO 2024-09-06 12:11:30,381 basehttp "GET /admin/formsubmission/ccemail/ HTTP/1.1" 200 8576
INFO 2024-09-06 12:11:30,394 basehttp "GET /admin/jsi18n/ HTTP/1.1" 200 3342
INFO 2024-09-06 12:11:48,294 autoreload C:\Users\Bless\Desktop\try\contactform\formsubmission\models.py changed, reloading.
INFO 2024-09-06 12:11:48,722 autoreload Watching for file changes with StatReloader
INFO 2024-09-06 12:12:01,205 autoreload C:\Users\Bless\Desktop\try\contactform\formsubmission\models.py changed, reloading.
INFO 2024-09-06 12:12:01,621 autoreload Watching for file changes with StatReloader
INFO 2024-09-06 12:13:18,851 autoreload C:\Users\Bless\Desktop\try\contactform\formsubmission\views.py changed, reloading.
INFO 2024-09-06 12:13:19,305 autoreload Watching for file changes with StatReloader
INFO 2024-09-06 12:13:20,634 autoreload C:\Users\Bless\Desktop\try\contactform\formsubmission\views.py changed, reloading.
INFO 2024-09-06 12:13:21,050 autoreload Watching for file changes with StatReloader
INFO 2024-09-06 12:13:23,379 autoreload C:\Users\Bless\Desktop\try\contactform\formsubmission\views.py changed, reloading.
INFO 2024-09-06 12:13:23,821 autoreload Watching for file changes with StatReloader
INFO 2024-09-06 12:13:38,440 autoreload C:\Users\Bless\Desktop\try\contactform\formsubmission\views.py changed, reloading.
INFO 2024-09-06 12:13:38,841 autoreload Watching for file changes with StatReloader
INFO 2024-09-06 12:13:41,203 autoreload C:\Users\Bless\Desktop\try\contactform\formsubmission\views.py changed, reloading.
INFO 2024-09-06 12:13:41,635 autoreload Watching for file changes with StatReloader
INFO 2024-09-06 12:14:12,718 autoreload C:\Users\Bless\Desktop\try\contactform\formsubmission\views.py changed, reloading.
INFO 2024-09-06 12:14:13,112 autoreload Watching for file changes with StatReloader
INFO 2024-09-06 12:14:16,494 autoreload C:\Users\Bless\Desktop\try\contactform\formsubmission\views.py changed, reloading.
INFO 2024-09-06 12:14:16,909 autoreload Watching for file changes with StatReloader
INFO 2024-09-06 12:14:22,295 autoreload C:\Users\Bless\Desktop\try\contactform\formsubmission\views.py changed, reloading.
INFO 2024-09-06 12:14:22,696 autoreload Watching for file changes with StatReloader
INFO 2024-09-06 12:14:28,085 autoreload C:\Users\Bless\Desktop\try\contactform\formsubmission\views.py changed, reloading.
INFO 2024-09-06 12:14:28,490 autoreload Watching for file changes with StatReloader
INFO 2024-09-06 12:14:33,888 autoreload C:\Users\Bless\Desktop\try\contactform\formsubmission\views.py changed, reloading.
INFO 2024-09-06 12:14:34,287 autoreload Watching for file changes with StatReloader
INFO 2024-09-06 12:14:36,591 autoreload C:\Users\Bless\Desktop\try\contactform\formsubmission\views.py changed, reloading.
INFO 2024-09-06 12:14:36,984 autoreload Watching for file changes with StatReloader
INFO 2024-09-06 12:15:31,555 autoreload C:\Users\Bless\Desktop\try\contactform\formsubmission\views.py changed, reloading.
INFO 2024-09-06 12:15:32,006 autoreload Watching for file changes with StatReloader
INFO 2024-09-06 12:15:35,240 basehttp "GET / HTTP/1.1" 200 5910
INFO 2024-09-06 12:15:39,912 basehttp "GET / HTTP/1.1" 200 5910
INFO 2024-09-06 12:16:23,334 basehttp "POST / HTTP/1.1" 200 1656
INFO 2024-09-06 12:16:31,421 basehttp "GET / HTTP/1.1" 200 5910
INFO 2024-09-06 12:16:34,097 basehttp "GET /admin/formsubmission/intermediarycloudaccess/ HTTP/1.1" 200 9323
INFO 2024-09-06 12:16:34,109 basehttp "GET /admin/jsi18n/ HTTP/1.1" 200 3342
INFO 2024-09-06 12:16:36,029 basehttp "GET /admin/formsubmission/cloudaccessemail/ HTTP/1.1" 200 8644
INFO 2024-09-06 12:16:36,047 basehttp "GET /admin/jsi18n/ HTTP/1.1" 200 3342
INFO 2024-09-06 12:16:37,819 basehttp "GET /admin/formsubmission/ccemail/ HTTP/1.1" 200 8576
INFO 2024-09-06 12:16:37,835 basehttp "GET /admin/jsi18n/ HTTP/1.1" 200 3342
INFO 2024-09-06 12:16:40,306 basehttp "GET /admin/formsubmission/intermediarycloudaccess/ HTTP/1.1" 200 9323
INFO 2024-09-06 12:16:40,320 basehttp "GET /admin/jsi18n/ HTTP/1.1" 200 3342
INFO 2024-09-06 12:16:41,784 basehttp "GET /admin/formsubmission/intermediarycloudaccess/add/ HTTP/1.1" 200 20983
INFO 2024-09-06 12:16:41,798 basehttp "GET /admin/jsi18n/ HTTP/1.1" 200 3342
INFO 2024-09-06 12:16:41,800 basehttp "GET /static/admin/js/inlines.js HTTP/1.1" 304 0
INFO 2024-09-06 12:16:41,831 basehttp "GET /static/admin/img/inline-delete.svg HTTP/1.1" 304 0
INFO 2024-09-06 12:17:13,847 basehttp "GET /admin/formsubmission/intermediarycloudaccess/add/ HTTP/1.1" 200 20983
INFO 2024-09-06 12:17:13,860 basehttp "GET /admin/jsi18n/ HTTP/1.1" 200 3342
INFO 2024-09-06 12:17:18,979 basehttp "GET /admin/formsubmission/ HTTP/1.1" 200 6165
INFO 2024-09-06 12:17:22,840 basehttp "GET /admin/formsubmission/intermediarycloudaccess/add/ HTTP/1.1" 200 20983
INFO 2024-09-06 12:17:22,854 basehttp "GET /admin/jsi18n/ HTTP/1.1" 200 3342
INFO 2024-09-06 12:17:26,826 basehttp "GET /admin/formsubmission/ HTTP/1.1" 200 6165
INFO 2024-09-06 12:17:29,709 basehttp "GET /admin/formsubmission/intermediarycloudaccess/ HTTP/1.1" 200 9323
INFO 2024-09-06 12:17:29,722 basehttp "GET /admin/jsi18n/ HTTP/1.1" 200 3342
INFO 2024-09-06 12:18:18,173 autoreload C:\Users\Bless\Desktop\try\contactform\formsubmission\views.py changed, reloading.
INFO 2024-09-06 12:18:18,608 autoreload Watching for file changes with StatReloader
INFO 2024-09-06 12:18:24,032 autoreload C:\Users\Bless\Desktop\try\contactform\formsubmission\views.py changed, reloading.
INFO 2024-09-06 12:18:24,435 autoreload Watching for file changes with StatReloader
INFO 2024-09-06 12:18:30,855 autoreload C:\Users\Bless\Desktop\try\contactform\formsubmission\views.py changed, reloading.
INFO 2024-09-06 12:18:31,249 autoreload Watching for file changes with StatReloader
INFO 2024-09-06 12:18:35,606 autoreload C:\Users\Bless\Desktop\try\contactform\formsubmission\views.py changed, reloading.
INFO 2024-09-06 12:18:36,037 autoreload Watching for file changes with StatReloader
INFO 2024-09-06 12:18:48,607 autoreload C:\Users\Bless\Desktop\try\contactform\formsubmission\views.py changed, reloading.
INFO 2024-09-06 12:18:48,995 autoreload Watching for file changes with StatReloader
INFO 2024-09-06 12:20:02,967 autoreload C:\Users\Bless\Desktop\try\contactform\formsubmission\views.py changed, reloading.
INFO 2024-09-06 12:20:03,354 autoreload Watching for file changes with StatReloader
INFO 2024-09-06 12:20:09,280 basehttp "GET / HTTP/1.1" 200 5910
INFO 2024-09-06 12:20:55,435 basehttp "POST / HTTP/1.1" 200 1656
INFO 2024-09-06 12:20:57,353 basehttp "GET / HTTP/1.1" 200 5910
INFO 2024-09-06 12:21:04,914 basehttp "GET /admin/formsubmission/intermediarycloudaccess/ HTTP/1.1" 200 9323
INFO 2024-09-06 12:21:04,926 basehttp "GET /admin/jsi18n/ HTTP/1.1" 200 3342
INFO 2024-09-06 12:21:06,346 basehttp "GET /admin/formsubmission/cloudaccessemail/ HTTP/1.1" 200 8644
INFO 2024-09-06 12:21:06,360 basehttp "GET /admin/jsi18n/ HTTP/1.1" 200 3342
INFO 2024-09-06 12:21:07,637 basehttp "GET /admin/formsubmission/ccemail/ HTTP/1.1" 200 8576
INFO 2024-09-06 12:21:07,649 basehttp "GET /admin/jsi18n/ HTTP/1.1" 200 3342
INFO 2024-09-06 12:21:16,677 basehttp "GET /admin/formsubmission/intermediarycloudaccess/ HTTP/1.1" 200 9323
INFO 2024-09-06 12:21:16,690 basehttp "GET /admin/jsi18n/ HTTP/1.1" 200 3342
INFO 2024-09-06 12:21:20,769 basehttp "GET /admin/formsubmission/intermediarycloudaccess/?vrn_registered__exact=0 HTTP/1.1" 200 9546
INFO 2024-09-06 12:21:20,781 basehttp "GET /admin/jsi18n/ HTTP/1.1" 200 3342
INFO 2024-09-06 12:21:22,732 basehttp "GET /admin/formsubmission/intermediarycloudaccess/?vrn_registered__exact=1 HTTP/1.1" 200 9546
INFO 2024-09-06 12:21:22,744 basehttp "GET /admin/jsi18n/ HTTP/1.1" 200 3342
INFO 2024-09-06 12:21:24,058 basehttp "GET /admin/formsubmission/intermediarycloudaccess/?_facets=True&vrn_registered__exact=1 HTTP/1.1" 200 9684
INFO 2024-09-06 12:21:24,072 basehttp "GET /admin/jsi18n/ HTTP/1.1" 200 3342
INFO 2024-09-06 12:21:24,088 basehttp "GET /static/admin/img/icon-hidelink.svg HTTP/1.1" 304 0
INFO 2024-09-06 12:25:13,184 autoreload C:\Users\Bless\Desktop\try\contactform\formsubmission\views.py changed, reloading.
INFO 2024-09-06 12:25:13,614 autoreload Watching for file changes with StatReloader
INFO 2024-09-06 12:25:14,932 autoreload C:\Users\Bless\Desktop\try\contactform\formsubmission\views.py changed, reloading.
INFO 2024-09-06 12:25:15,364 autoreload Watching for file changes with StatReloader
INFO 2024-09-06 12:25:18,759 autoreload C:\Users\Bless\Desktop\try\contactform\formsubmission\views.py changed, reloading.
INFO 2024-09-06 12:25:19,153 autoreload Watching for file changes with StatReloader
INFO 2024-09-06 12:25:23,534 autoreload C:\Users\Bless\Desktop\try\contactform\formsubmission\views.py changed, reloading.
INFO 2024-09-06 12:25:23,937 autoreload Watching for file changes with StatReloader
INFO 2024-09-06 12:26:04,228 autoreload C:\Users\Bless\Desktop\try\contactform\formsubmission\views.py changed, reloading.
INFO 2024-09-06 12:26:04,686 autoreload Watching for file changes with StatReloader
INFO 2024-09-06 12:26:09,065 autoreload C:\Users\Bless\Desktop\try\contactform\formsubmission\views.py changed, reloading.
INFO 2024-09-06 12:26:09,456 autoreload Watching for file changes with StatReloader
INFO 2024-09-06 12:26:15,600 basehttp "GET / HTTP/1.1" 200 5910
ERROR 2024-09-06 12:26:56,918 log Internal Server Error: /
Traceback (most recent call last):
  File "C:\Users\Bless\AppData\Local\Programs\Python\Python312\Lib\site-packages\django\core\handlers\exception.py", line 55, in inner
    response = get_response(request)
               ^^^^^^^^^^^^^^^^^^^^^
  File "C:\Users\Bless\AppData\Local\Programs\Python\Python312\Lib\site-packages\django\core\handlers\base.py", line 197, in _get_response
    response = wrapped_callback(request, *callback_args, **callback_kwargs)
               ^^^^^^^^^^^^^^^^^^^^^^^^^^^^^^^^^^^^^^^^^^^^^^^^^^^^^^^^^^^^
  File "C:\Users\Bless\Desktop\try\contactform\formsubmission\views.py", line 54, in index
    form.save()
TypeError: BaseModelForm.save() missing 1 required positional argument: 'self'
ERROR 2024-09-06 12:26:56,921 basehttp "POST / HTTP/1.1" 500 73317
INFO 2024-09-06 12:28:12,223 autoreload C:\Users\Bless\Desktop\try\contactform\formsubmission\views.py changed, reloading.
INFO 2024-09-06 12:28:12,722 autoreload Watching for file changes with StatReloader
ERROR 2024-09-06 12:28:18,547 log Internal Server Error: /
Traceback (most recent call last):
  File "C:\Users\Bless\AppData\Local\Programs\Python\Python312\Lib\site-packages\django\core\handlers\exception.py", line 55, in inner
    response = get_response(request)
               ^^^^^^^^^^^^^^^^^^^^^
  File "C:\Users\Bless\AppData\Local\Programs\Python\Python312\Lib\site-packages\django\core\handlers\base.py", line 197, in _get_response
    response = wrapped_callback(request, *callback_args, **callback_kwargs)
               ^^^^^^^^^^^^^^^^^^^^^^^^^^^^^^^^^^^^^^^^^^^^^^^^^^^^^^^^^^^^
  File "C:\Users\Bless\Desktop\try\contactform\formsubmission\views.py", line 55, in index
    submission = form.save()
                 ^^^^^^^^^^^
TypeError: BaseModelForm.save() missing 1 required positional argument: 'self'
ERROR 2024-09-06 12:28:18,550 basehttp "POST / HTTP/1.1" 500 73283
INFO 2024-09-06 12:28:26,774 basehttp "GET / HTTP/1.1" 200 5910
ERROR 2024-09-06 12:29:27,030 log Internal Server Error: /
Traceback (most recent call last):
  File "C:\Users\Bless\AppData\Local\Programs\Python\Python312\Lib\site-packages\django\core\handlers\exception.py", line 55, in inner
    response = get_response(request)
               ^^^^^^^^^^^^^^^^^^^^^
  File "C:\Users\Bless\AppData\Local\Programs\Python\Python312\Lib\site-packages\django\core\handlers\base.py", line 197, in _get_response
    response = wrapped_callback(request, *callback_args, **callback_kwargs)
               ^^^^^^^^^^^^^^^^^^^^^^^^^^^^^^^^^^^^^^^^^^^^^^^^^^^^^^^^^^^^
  File "C:\Users\Bless\Desktop\try\contactform\formsubmission\views.py", line 55, in index
    submission = form.save()
                 ^^^^^^^^^^^
TypeError: BaseModelForm.save() missing 1 required positional argument: 'self'
ERROR 2024-09-06 12:29:27,031 basehttp "POST / HTTP/1.1" 500 73275
INFO 2024-09-06 12:29:46,471 autoreload C:\Users\Bless\Desktop\try\contactform\formsubmission\views.py changed, reloading.
INFO 2024-09-06 12:29:46,949 autoreload Watching for file changes with StatReloader
ERROR 2024-09-06 12:29:51,766 log Internal Server Error: /
Traceback (most recent call last):
  File "C:\Users\Bless\AppData\Local\Programs\Python\Python312\Lib\site-packages\django\core\handlers\exception.py", line 55, in inner
    response = get_response(request)
               ^^^^^^^^^^^^^^^^^^^^^
  File "C:\Users\Bless\AppData\Local\Programs\Python\Python312\Lib\site-packages\django\core\handlers\base.py", line 197, in _get_response
    response = wrapped_callback(request, *callback_args, **callback_kwargs)
               ^^^^^^^^^^^^^^^^^^^^^^^^^^^^^^^^^^^^^^^^^^^^^^^^^^^^^^^^^^^^
  File "C:\Users\Bless\Desktop\try\contactform\formsubmission\views.py", line 55, in index
    form.save()
TypeError: BaseModelForm.save() missing 1 required positional argument: 'self'
ERROR 2024-09-06 12:29:51,769 basehttp "POST / HTTP/1.1" 500 73223
ERROR 2024-09-06 12:29:58,293 log Internal Server Error: /
Traceback (most recent call last):
  File "C:\Users\Bless\AppData\Local\Programs\Python\Python312\Lib\site-packages\django\core\handlers\exception.py", line 55, in inner
    response = get_response(request)
               ^^^^^^^^^^^^^^^^^^^^^
  File "C:\Users\Bless\AppData\Local\Programs\Python\Python312\Lib\site-packages\django\core\handlers\base.py", line 197, in _get_response
    response = wrapped_callback(request, *callback_args, **callback_kwargs)
               ^^^^^^^^^^^^^^^^^^^^^^^^^^^^^^^^^^^^^^^^^^^^^^^^^^^^^^^^^^^^
  File "C:\Users\Bless\Desktop\try\contactform\formsubmission\views.py", line 55, in index
    form.save()
TypeError: BaseModelForm.save() missing 1 required positional argument: 'self'
ERROR 2024-09-06 12:29:58,294 basehttp "POST / HTTP/1.1" 500 73223
INFO 2024-09-06 12:33:05,854 autoreload C:\Users\Bless\Desktop\try\contactform\formsubmission\views.py changed, reloading.
INFO 2024-09-06 12:33:06,336 autoreload Watching for file changes with StatReloader
INFO 2024-09-06 12:33:18,110 autoreload C:\Users\Bless\Desktop\try\contactform\formsubmission\views.py changed, reloading.
INFO 2024-09-06 12:33:18,579 autoreload Watching for file changes with StatReloader
INFO 2024-09-06 12:34:05,357 autoreload C:\Users\Bless\Desktop\try\contactform\formsubmission\views.py changed, reloading.
INFO 2024-09-06 12:34:05,838 autoreload Watching for file changes with StatReloader
INFO 2024-09-06 12:34:11,305 autoreload C:\Users\Bless\Desktop\try\contactform\formsubmission\views.py changed, reloading.
INFO 2024-09-06 12:34:11,780 autoreload Watching for file changes with StatReloader
INFO 2024-09-06 12:34:16,205 basehttp "GET / HTTP/1.1" 200 5910
ERROR 2024-09-06 12:35:11,513 log Internal Server Error: /
Traceback (most recent call last):
  File "C:\Users\Bless\AppData\Local\Programs\Python\Python312\Lib\site-packages\django\core\handlers\exception.py", line 55, in inner
    response = get_response(request)
               ^^^^^^^^^^^^^^^^^^^^^
  File "C:\Users\Bless\AppData\Local\Programs\Python\Python312\Lib\site-packages\django\core\handlers\base.py", line 197, in _get_response
    response = wrapped_callback(request, *callback_args, **callback_kwargs)
               ^^^^^^^^^^^^^^^^^^^^^^^^^^^^^^^^^^^^^^^^^^^^^^^^^^^^^^^^^^^^
  File "C:\Users\Bless\Desktop\try\contactform\formsubmission\views.py", line 55, in index
    if form.is_valid():
       ^^^^^^^^^^^^^^^
TypeError: BaseForm.is_valid() missing 1 required positional argument: 'self'
ERROR 2024-09-06 12:35:11,516 basehttp "POST / HTTP/1.1" 500 73265
INFO 2024-09-06 12:35:59,116 autoreload C:\Users\Bless\Desktop\try\contactform\formsubmission\views.py changed, reloading.
INFO 2024-09-06 12:35:59,598 autoreload Watching for file changes with StatReloader
INFO 2024-09-06 12:43:39,993 autoreload C:\Users\Bless\Desktop\try\contactform\formsubmission\views.py changed, reloading.
INFO 2024-09-06 12:43:40,494 autoreload Watching for file changes with StatReloader
INFO 2024-09-06 12:43:50,860 basehttp "GET /admin/formsubmission/intermediarycloudaccess/ HTTP/1.1" 200 9323
INFO 2024-09-06 12:43:50,886 basehttp "GET /admin/jsi18n/ HTTP/1.1" 200 3342
INFO 2024-09-06 12:43:55,431 basehttp "GET / HTTP/1.1" 200 5910
INFO 2024-09-06 12:44:51,950 basehttp "POST / HTTP/1.1" 200 5910
INFO 2024-09-06 12:45:02,989 basehttp "GET / HTTP/1.1" 200 5910
INFO 2024-09-06 12:45:48,701 basehttp "POST / HTTP/1.1" 200 5910
INFO 2024-09-06 12:48:19,047 autoreload C:\Users\Bless\Desktop\try\contactform\formsubmission\views.py changed, reloading.
INFO 2024-09-06 12:48:19,618 autoreload Watching for file changes with StatReloader
INFO 2024-09-06 12:48:21,723 basehttp "GET / HTTP/1.1" 200 5910
INFO 2024-09-06 12:48:51,431 basehttp "POST / HTTP/1.1" 200 5910
INFO 2024-09-06 12:53:26,368 autoreload C:\Users\Bless\Desktop\try\contactform\formsubmission\views.py changed, reloading.
INFO 2024-09-06 12:53:26,898 autoreload Watching for file changes with StatReloader
INFO 2024-09-06 12:53:29,557 basehttp "GET / HTTP/1.1" 200 5910
INFO 2024-09-06 12:54:10,727 basehttp "POST / HTTP/1.1" 200 5910
INFO 2024-09-06 12:55:03,073 autoreload C:\Users\Bless\Desktop\try\contactform\formsubmission\urls.py changed, reloading.
INFO 2024-09-06 12:55:03,530 autoreload Watching for file changes with StatReloader
INFO 2024-09-06 12:55:04,913 autoreload C:\Users\Bless\Desktop\try\contactform\formsubmission\urls.py changed, reloading.
INFO 2024-09-06 12:55:05,461 autoreload Watching for file changes with StatReloader
INFO 2024-09-06 12:56:55,967 basehttp "POST / HTTP/1.1" 200 5910
INFO 2024-09-06 12:56:58,044 basehttp "GET / HTTP/1.1" 200 5910
INFO 2024-09-06 12:57:09,384 basehttp "GET /admin/ HTTP/1.1" 200 7278
INFO 2024-09-06 12:57:11,325 basehttp "GET /admin/formsubmission/intermediarycloudaccess/ HTTP/1.1" 200 9323
INFO 2024-09-06 12:57:11,341 basehttp "GET /admin/jsi18n/ HTTP/1.1" 200 3342
INFO 2024-09-06 12:57:13,775 basehttp "GET /admin/ HTTP/1.1" 200 7278
INFO 2024-09-06 12:57:59,992 autoreload C:\Users\Bless\Desktop\try\contactform\formsubmission\views.py changed, reloading.
INFO 2024-09-06 12:58:00,498 autoreload Watching for file changes with StatReloader
INFO 2024-09-06 12:58:05,998 autoreload C:\Users\Bless\Desktop\try\contactform\formsubmission\views.py changed, reloading.
INFO 2024-09-06 12:58:06,440 autoreload Watching for file changes with StatReloader
INFO 2024-09-06 12:58:08,819 autoreload C:\Users\Bless\Desktop\try\contactform\formsubmission\views.py changed, reloading.
INFO 2024-09-06 12:58:09,286 autoreload Watching for file changes with StatReloader
INFO 2024-09-06 12:58:14,761 autoreload C:\Users\Bless\Desktop\try\contactform\formsubmission\views.py changed, reloading.
INFO 2024-09-06 12:58:15,206 autoreload Watching for file changes with StatReloader
INFO 2024-09-06 12:58:19,641 autoreload C:\Users\Bless\Desktop\try\contactform\formsubmission\views.py changed, reloading.
INFO 2024-09-06 12:58:20,095 autoreload Watching for file changes with StatReloader
INFO 2024-09-06 13:00:05,882 autoreload C:\Users\Bless\Desktop\try\contactform\formsubmission\views.py changed, reloading.
INFO 2024-09-06 13:00:06,372 autoreload Watching for file changes with StatReloader
INFO 2024-09-06 13:00:08,748 autoreload C:\Users\Bless\Desktop\try\contactform\formsubmission\views.py changed, reloading.
INFO 2024-09-06 13:00:09,278 autoreload Watching for file changes with StatReloader
INFO 2024-09-06 13:01:05,540 autoreload C:\Users\Bless\Desktop\try\contactform\formsubmission\views.py changed, reloading.
INFO 2024-09-06 13:01:06,031 autoreload Watching for file changes with StatReloader
INFO 2024-09-06 13:01:10,523 autoreload C:\Users\Bless\Desktop\try\contactform\formsubmission\views.py changed, reloading.
INFO 2024-09-06 13:01:11,038 autoreload Watching for file changes with StatReloader
INFO 2024-09-06 13:01:13,435 autoreload C:\Users\Bless\Desktop\try\contactform\formsubmission\views.py changed, reloading.
INFO 2024-09-06 13:01:13,919 autoreload Watching for file changes with StatReloader
INFO 2024-09-06 13:01:15,318 autoreload C:\Users\Bless\Desktop\try\contactform\formsubmission\views.py changed, reloading.
INFO 2024-09-06 13:01:15,795 autoreload Watching for file changes with StatReloader
INFO 2024-09-06 13:01:18,200 autoreload C:\Users\Bless\Desktop\try\contactform\formsubmission\views.py changed, reloading.
INFO 2024-09-06 13:01:18,690 autoreload Watching for file changes with StatReloader
INFO 2024-09-06 13:01:22,084 autoreload C:\Users\Bless\Desktop\try\contactform\formsubmission\views.py changed, reloading.
INFO 2024-09-06 13:01:22,517 autoreload Watching for file changes with StatReloader
INFO 2024-09-06 13:01:29,040 autoreload C:\Users\Bless\Desktop\try\contactform\formsubmission\views.py changed, reloading.
INFO 2024-09-06 13:01:29,508 autoreload Watching for file changes with StatReloader
INFO 2024-09-06 13:01:32,924 autoreload C:\Users\Bless\Desktop\try\contactform\formsubmission\views.py changed, reloading.
INFO 2024-09-06 13:01:33,369 autoreload Watching for file changes with StatReloader
INFO 2024-09-06 13:01:35,730 autoreload C:\Users\Bless\Desktop\try\contactform\formsubmission\views.py changed, reloading.
INFO 2024-09-06 13:01:36,168 autoreload Watching for file changes with StatReloader
INFO 2024-09-06 13:01:38,591 autoreload C:\Users\Bless\Desktop\try\contactform\formsubmission\views.py changed, reloading.
INFO 2024-09-06 13:01:39,053 autoreload Watching for file changes with StatReloader
INFO 2024-09-06 13:01:42,488 autoreload C:\Users\Bless\Desktop\try\contactform\formsubmission\views.py changed, reloading.
INFO 2024-09-06 13:01:42,946 autoreload Watching for file changes with StatReloader
INFO 2024-09-06 13:01:46,377 autoreload C:\Users\Bless\Desktop\try\contactform\formsubmission\views.py changed, reloading.
INFO 2024-09-06 13:01:46,889 autoreload Watching for file changes with StatReloader
INFO 2024-09-06 13:01:48,285 autoreload C:\Users\Bless\Desktop\try\contactform\formsubmission\views.py changed, reloading.
INFO 2024-09-06 13:01:48,784 autoreload Watching for file changes with StatReloader
INFO 2024-09-06 13:01:55,333 autoreload C:\Users\Bless\Desktop\try\contactform\formsubmission\views.py changed, reloading.
INFO 2024-09-06 13:01:55,853 autoreload Watching for file changes with StatReloader
INFO 2024-09-06 13:03:17,825 autoreload C:\Users\Bless\Desktop\try\contactform\formsubmission\views.py changed, reloading.
INFO 2024-09-06 13:03:18,263 autoreload Watching for file changes with StatReloader
INFO 2024-09-06 13:03:43,383 autoreload C:\Users\Bless\Desktop\try\contactform\formsubmission\views.py changed, reloading.
INFO 2024-09-06 13:03:43,854 autoreload Watching for file changes with StatReloader
INFO 2024-09-06 13:04:40,953 autoreload C:\Users\Bless\Desktop\try\contactform\formsubmission\forms.py changed, reloading.
INFO 2024-09-06 13:04:41,397 autoreload Watching for file changes with StatReloader
INFO 2024-09-06 13:07:31,238 autoreload C:\Users\Bless\Desktop\try\contactform\formsubmission\forms.py changed, reloading.
INFO 2024-09-06 13:07:31,720 autoreload Watching for file changes with StatReloader
INFO 2024-09-06 13:07:51,771 autoreload C:\Users\Bless\Desktop\try\contactform\formsubmission\forms.py changed, reloading.
INFO 2024-09-06 13:07:52,226 autoreload Watching for file changes with StatReloader
INFO 2024-09-06 13:07:54,625 autoreload C:\Users\Bless\Desktop\try\contactform\formsubmission\forms.py changed, reloading.
INFO 2024-09-06 13:07:55,130 autoreload Watching for file changes with StatReloader
INFO 2024-09-06 13:07:58,580 autoreload C:\Users\Bless\Desktop\try\contactform\formsubmission\forms.py changed, reloading.
INFO 2024-09-06 13:07:59,046 autoreload Watching for file changes with StatReloader
INFO 2024-09-06 13:08:04,532 autoreload C:\Users\Bless\Desktop\try\contactform\formsubmission\forms.py changed, reloading.
INFO 2024-09-06 13:08:05,044 autoreload Watching for file changes with StatReloader
INFO 2024-09-06 13:08:07,415 autoreload C:\Users\Bless\Desktop\try\contactform\formsubmission\forms.py changed, reloading.
INFO 2024-09-06 13:08:07,937 autoreload Watching for file changes with StatReloader
INFO 2024-09-06 13:08:13,393 autoreload C:\Users\Bless\Desktop\try\contactform\formsubmission\forms.py changed, reloading.
INFO 2024-09-06 13:08:13,890 autoreload Watching for file changes with StatReloader
INFO 2024-09-06 13:08:16,275 autoreload C:\Users\Bless\Desktop\try\contactform\formsubmission\forms.py changed, reloading.
INFO 2024-09-06 13:08:16,792 autoreload Watching for file changes with StatReloader
INFO 2024-09-06 13:40:32,092 basehttp "GET / HTTP/1.1" 200 5910
INFO 2024-09-06 13:41:14,970 basehttp "POST / HTTP/1.1" 200 5910
INFO 2024-09-06 13:41:35,460 autoreload C:\Users\Bless\Desktop\try\contactform\formsubmission\views.py changed, reloading.
INFO 2024-09-06 13:41:35,965 autoreload Watching for file changes with StatReloader
INFO 2024-09-06 13:41:44,538 autoreload C:\Users\Bless\Desktop\try\contactform\formsubmission\views.py changed, reloading.
INFO 2024-09-06 13:41:45,010 autoreload Watching for file changes with StatReloader
INFO 2024-09-06 13:41:52,558 autoreload C:\Users\Bless\Desktop\try\contactform\formsubmission\views.py changed, reloading.
INFO 2024-09-06 13:41:53,040 autoreload Watching for file changes with StatReloader
INFO 2024-09-06 13:42:04,743 autoreload C:\Users\Bless\Desktop\try\contactform\formsubmission\views.py changed, reloading.
INFO 2024-09-06 13:42:05,208 autoreload Watching for file changes with StatReloader
INFO 2024-09-06 13:42:19,988 autoreload C:\Users\Bless\Desktop\try\contactform\formsubmission\urls.py changed, reloading.
INFO 2024-09-06 13:42:20,462 autoreload Watching for file changes with StatReloader
INFO 2024-09-06 13:42:36,846 basehttp "GET / HTTP/1.1" 200 5910
INFO 2024-09-06 13:43:09,816 basehttp "POST / HTTP/1.1" 200 1656
INFO 2024-09-06 13:43:11,427 basehttp "GET / HTTP/1.1" 200 5910
INFO 2024-09-06 13:43:28,451 autoreload C:\Users\Bless\Desktop\try\contactform\formsubmission\views.py changed, reloading.
INFO 2024-09-06 13:43:28,926 autoreload Watching for file changes with StatReloader
INFO 2024-09-06 13:43:33,368 autoreload C:\Users\Bless\Desktop\try\contactform\formsubmission\views.py changed, reloading.
INFO 2024-09-06 13:43:33,814 autoreload Watching for file changes with StatReloader
INFO 2024-09-06 13:43:41,370 autoreload C:\Users\Bless\Desktop\try\contactform\formsubmission\views.py changed, reloading.
INFO 2024-09-06 13:43:41,823 autoreload Watching for file changes with StatReloader
INFO 2024-09-06 13:43:49,379 autoreload C:\Users\Bless\Desktop\try\contactform\formsubmission\views.py changed, reloading.
INFO 2024-09-06 13:43:49,851 autoreload Watching for file changes with StatReloader
INFO 2024-09-06 13:43:51,207 autoreload C:\Users\Bless\Desktop\try\contactform\formsubmission\views.py changed, reloading.
INFO 2024-09-06 13:43:51,670 autoreload Watching for file changes with StatReloader
INFO 2024-09-06 13:44:15,764 autoreload C:\Users\Bless\Desktop\try\contactform\formsubmission\views.py changed, reloading.
INFO 2024-09-06 13:44:16,224 autoreload Watching for file changes with StatReloader
INFO 2024-09-06 13:44:18,647 autoreload C:\Users\Bless\Desktop\try\contactform\formsubmission\views.py changed, reloading.
INFO 2024-09-06 13:44:19,119 autoreload Watching for file changes with StatReloader
INFO 2024-09-06 13:44:20,482 autoreload C:\Users\Bless\Desktop\try\contactform\formsubmission\views.py changed, reloading.
INFO 2024-09-06 13:44:20,955 autoreload Watching for file changes with StatReloader
INFO 2024-09-06 13:44:23,352 autoreload C:\Users\Bless\Desktop\try\contactform\formsubmission\views.py changed, reloading.
INFO 2024-09-06 13:44:23,821 autoreload Watching for file changes with StatReloader
INFO 2024-09-06 13:44:33,400 autoreload C:\Users\Bless\Desktop\try\contactform\formsubmission\views.py changed, reloading.
INFO 2024-09-06 13:44:33,867 autoreload Watching for file changes with StatReloader
INFO 2024-09-06 13:44:38,313 autoreload C:\Users\Bless\Desktop\try\contactform\formsubmission\views.py changed, reloading.
INFO 2024-09-06 13:44:38,759 autoreload Watching for file changes with StatReloader
INFO 2024-09-06 13:44:41,130 autoreload C:\Users\Bless\Desktop\try\contactform\formsubmission\views.py changed, reloading.
INFO 2024-09-06 13:44:41,591 autoreload Watching for file changes with StatReloader
INFO 2024-09-06 13:44:43,987 autoreload C:\Users\Bless\Desktop\try\contactform\formsubmission\views.py changed, reloading.
INFO 2024-09-06 13:44:44,481 autoreload Watching for file changes with StatReloader
INFO 2024-09-06 13:44:47,900 autoreload C:\Users\Bless\Desktop\try\contactform\formsubmission\views.py changed, reloading.
INFO 2024-09-06 13:44:48,370 autoreload Watching for file changes with StatReloader
INFO 2024-09-06 13:44:58,023 autoreload C:\Users\Bless\Desktop\try\contactform\formsubmission\views.py changed, reloading.
INFO 2024-09-06 13:44:58,504 autoreload Watching for file changes with StatReloader
INFO 2024-09-06 13:45:00,910 autoreload C:\Users\Bless\Desktop\try\contactform\formsubmission\views.py changed, reloading.
INFO 2024-09-06 13:45:01,365 autoreload Watching for file changes with StatReloader
INFO 2024-09-06 13:45:15,107 autoreload C:\Users\Bless\Desktop\try\contactform\formsubmission\views.py changed, reloading.
INFO 2024-09-06 13:45:15,582 autoreload Watching for file changes with StatReloader
INFO 2024-09-06 13:45:22,652 basehttp "GET / HTTP/1.1" 200 5910
ERROR 2024-09-06 13:45:49,793 log Internal Server Error: /
Traceback (most recent call last):
  File "C:\Users\Bless\AppData\Local\Programs\Python\Python312\Lib\site-packages\django\core\handlers\exception.py", line 55, in inner
    response = get_response(request)
               ^^^^^^^^^^^^^^^^^^^^^
  File "C:\Users\Bless\AppData\Local\Programs\Python\Python312\Lib\site-packages\django\core\handlers\base.py", line 197, in _get_response
    response = wrapped_callback(request, *callback_args, **callback_kwargs)
               ^^^^^^^^^^^^^^^^^^^^^^^^^^^^^^^^^^^^^^^^^^^^^^^^^^^^^^^^^^^^
  File "C:\Users\Bless\Desktop\try\contactform\formsubmission\views.py", line 53, in index
    forms.save()
    ^^^^^^^^^^
AttributeError: module 'django.forms' has no attribute 'save'
ERROR 2024-09-06 13:45:49,796 basehttp "POST / HTTP/1.1" 500 73289
INFO 2024-09-06 13:47:50,525 autoreload C:\Users\Bless\Desktop\try\contactform\formsubmission\views.py changed, reloading.
INFO 2024-09-06 13:47:50,996 autoreload Watching for file changes with StatReloader
INFO 2024-09-06 13:47:54,082 basehttp "GET / HTTP/1.1" 200 5910
ERROR 2024-09-06 13:48:19,078 log Internal Server Error: /
Traceback (most recent call last):
  File "C:\Users\Bless\AppData\Local\Programs\Python\Python312\Lib\site-packages\django\core\handlers\exception.py", line 55, in inner
    response = get_response(request)
               ^^^^^^^^^^^^^^^^^^^^^
  File "C:\Users\Bless\AppData\Local\Programs\Python\Python312\Lib\site-packages\django\core\handlers\base.py", line 197, in _get_response
    response = wrapped_callback(request, *callback_args, **callback_kwargs)
               ^^^^^^^^^^^^^^^^^^^^^^^^^^^^^^^^^^^^^^^^^^^^^^^^^^^^^^^^^^^^
  File "C:\Users\Bless\Desktop\try\contactform\formsubmission\views.py", line 53, in index
    form.save()
TypeError: BaseModelForm.save() missing 1 required positional argument: 'self'
ERROR 2024-09-06 13:48:19,080 basehttp "POST / HTTP/1.1" 500 73307
INFO 2024-09-06 13:51:53,130 autoreload C:\Users\Bless\Desktop\try\contactform\formsubmission\forms.py changed, reloading.
INFO 2024-09-06 13:51:53,612 autoreload Watching for file changes with StatReloader
INFO 2024-09-06 13:52:01,154 autoreload C:\Users\Bless\Desktop\try\contactform\formsubmission\forms.py changed, reloading.
INFO 2024-09-06 13:52:01,603 autoreload Watching for file changes with StatReloader
INFO 2024-09-06 13:52:06,064 autoreload C:\Users\Bless\Desktop\try\contactform\formsubmission\forms.py changed, reloading.
INFO 2024-09-06 13:52:06,520 autoreload Watching for file changes with StatReloader
INFO 2024-09-06 13:52:09,923 autoreload C:\Users\Bless\Desktop\try\contactform\formsubmission\forms.py changed, reloading.
INFO 2024-09-06 13:52:10,389 autoreload Watching for file changes with StatReloader
INFO 2024-09-06 13:52:12,777 autoreload C:\Users\Bless\Desktop\try\contactform\formsubmission\forms.py changed, reloading.
INFO 2024-09-06 13:52:13,251 autoreload Watching for file changes with StatReloader
INFO 2024-09-06 13:52:17,680 autoreload C:\Users\Bless\Desktop\try\contactform\formsubmission\forms.py changed, reloading.
INFO 2024-09-06 13:52:18,155 autoreload Watching for file changes with StatReloader
INFO 2024-09-06 13:52:21,576 autoreload C:\Users\Bless\Desktop\try\contactform\formsubmission\forms.py changed, reloading.
INFO 2024-09-06 13:52:22,031 autoreload Watching for file changes with StatReloader
INFO 2024-09-06 13:52:26,456 autoreload C:\Users\Bless\Desktop\try\contactform\formsubmission\forms.py changed, reloading.
INFO 2024-09-06 13:52:26,915 autoreload Watching for file changes with StatReloader
INFO 2024-09-06 13:56:46,046 autoreload C:\Users\Bless\Desktop\try\contactform\formsubmission\forms.py changed, reloading.
INFO 2024-09-06 13:56:46,528 autoreload Watching for file changes with StatReloader
INFO 2024-09-06 13:57:01,367 autoreload C:\Users\Bless\Desktop\try\contactform\formsubmission\forms.py changed, reloading.
INFO 2024-09-06 13:57:01,830 autoreload Watching for file changes with StatReloader
INFO 2024-09-06 13:57:04,200 autoreload C:\Users\Bless\Desktop\try\contactform\formsubmission\forms.py changed, reloading.
INFO 2024-09-06 13:57:04,645 autoreload Watching for file changes with StatReloader
INFO 2024-09-06 13:57:09,123 autoreload C:\Users\Bless\Desktop\try\contactform\formsubmission\forms.py changed, reloading.
INFO 2024-09-06 13:57:09,585 autoreload Watching for file changes with StatReloader
INFO 2024-09-06 13:59:39,835 autoreload C:\Users\Bless\Desktop\try\contactform\formsubmission\models.py changed, reloading.
INFO 2024-09-06 13:59:41,762 autoreload Watching for file changes with StatReloader
INFO 2024-09-06 13:59:43,072 autoreload C:\Users\Bless\Desktop\try\contactform\formsubmission\models.py changed, reloading.
INFO 2024-09-06 13:59:43,498 autoreload Watching for file changes with StatReloader
INFO 2024-09-06 13:59:51,973 autoreload C:\Users\Bless\Desktop\try\contactform\formsubmission\models.py changed, reloading.
INFO 2024-09-06 13:59:52,422 autoreload Watching for file changes with StatReloader
INFO 2024-09-06 13:59:57,817 autoreload C:\Users\Bless\Desktop\try\contactform\formsubmission\models.py changed, reloading.
INFO 2024-09-06 13:59:58,260 autoreload Watching for file changes with StatReloader
INFO 2024-09-06 14:00:13,930 autoreload C:\Users\Bless\Desktop\try\contactform\formsubmission\models.py changed, reloading.
INFO 2024-09-06 14:00:14,381 autoreload Watching for file changes with StatReloader
INFO 2024-09-06 14:00:16,724 autoreload C:\Users\Bless\Desktop\try\contactform\formsubmission\models.py changed, reloading.
INFO 2024-09-06 14:00:17,239 autoreload Watching for file changes with StatReloader
INFO 2024-09-06 14:00:21,725 autoreload C:\Users\Bless\Desktop\try\contactform\formsubmission\models.py changed, reloading.
INFO 2024-09-06 14:00:22,186 autoreload Watching for file changes with StatReloader
INFO 2024-09-06 14:00:36,999 autoreload C:\Users\Bless\Desktop\try\contactform\formsubmission\models.py changed, reloading.
INFO 2024-09-06 14:00:37,467 autoreload Watching for file changes with StatReloader
INFO 2024-09-06 14:00:41,924 autoreload C:\Users\Bless\Desktop\try\contactform\formsubmission\models.py changed, reloading.
INFO 2024-09-06 14:00:42,401 autoreload Watching for file changes with StatReloader
INFO 2024-09-06 14:00:43,774 autoreload C:\Users\Bless\Desktop\try\contactform\formsubmission\models.py changed, reloading.
INFO 2024-09-06 14:00:44,233 autoreload Watching for file changes with StatReloader
INFO 2024-09-06 14:15:30,849 autoreload C:\Users\Bless\Desktop\try\contactform\formsubmission\views.py changed, reloading.
INFO 2024-09-06 14:15:31,441 autoreload Watching for file changes with StatReloader
INFO 2024-09-06 14:15:38,004 autoreload C:\Users\Bless\Desktop\try\contactform\formsubmission\views.py changed, reloading.
INFO 2024-09-06 14:15:38,497 autoreload Watching for file changes with StatReloader
INFO 2024-09-06 14:15:55,404 autoreload C:\Users\Bless\Desktop\try\contactform\formsubmission\views.py changed, reloading.
INFO 2024-09-06 14:15:55,917 autoreload Watching for file changes with StatReloader
INFO 2024-09-06 14:16:08,682 autoreload C:\Users\Bless\Desktop\try\contactform\formsubmission\views.py changed, reloading.
INFO 2024-09-06 14:16:09,250 autoreload Watching for file changes with StatReloader
INFO 2024-09-06 14:16:18,922 autoreload C:\Users\Bless\Desktop\try\contactform\formsubmission\views.py changed, reloading.
INFO 2024-09-06 14:16:19,362 autoreload Watching for file changes with StatReloader
INFO 2024-09-06 14:16:23,835 autoreload C:\Users\Bless\Desktop\try\contactform\formsubmission\views.py changed, reloading.
INFO 2024-09-06 14:16:24,271 autoreload Watching for file changes with StatReloader
INFO 2024-09-06 14:16:35,983 autoreload C:\Users\Bless\Desktop\try\contactform\formsubmission\views.py changed, reloading.
INFO 2024-09-06 14:16:36,477 autoreload Watching for file changes with StatReloader
INFO 2024-09-06 14:16:41,985 autoreload C:\Users\Bless\Desktop\try\contactform\formsubmission\views.py changed, reloading.
INFO 2024-09-06 14:16:42,432 autoreload Watching for file changes with StatReloader
INFO 2024-09-06 14:17:12,768 autoreload C:\Users\Bless\Desktop\try\contactform\formsubmission\views.py changed, reloading.
INFO 2024-09-06 14:17:13,260 autoreload Watching for file changes with StatReloader
INFO 2024-09-06 14:17:16,676 autoreload C:\Users\Bless\Desktop\try\contactform\formsubmission\views.py changed, reloading.
INFO 2024-09-06 14:17:17,162 autoreload Watching for file changes with StatReloader
INFO 2024-09-06 14:17:47,432 autoreload C:\Users\Bless\Desktop\try\contactform\formsubmission\views.py changed, reloading.
INFO 2024-09-06 14:17:47,892 autoreload Watching for file changes with StatReloader
INFO 2024-09-06 14:19:56,485 autoreload C:\Users\Bless\Desktop\try\contactform\formsubmission\urls.py changed, reloading.
INFO 2024-09-06 14:19:56,960 autoreload Watching for file changes with StatReloader
INFO 2024-09-06 14:20:07,583 autoreload C:\Users\Bless\Desktop\try\contactform\formsubmission\urls.py changed, reloading.
INFO 2024-09-06 14:20:08,051 autoreload Watching for file changes with StatReloader
INFO 2024-09-06 14:20:10,485 autoreload C:\Users\Bless\Desktop\try\contactform\formsubmission\urls.py changed, reloading.
INFO 2024-09-06 14:20:10,932 autoreload Watching for file changes with StatReloader
INFO 2024-09-06 14:20:29,847 autoreload C:\Users\Bless\Desktop\try\contactform\formsubmission\views.py changed, reloading.
INFO 2024-09-06 14:20:30,296 autoreload Watching for file changes with StatReloader
INFO 2024-09-06 14:20:35,780 autoreload C:\Users\Bless\Desktop\try\contactform\formsubmission\views.py changed, reloading.
INFO 2024-09-06 14:20:36,223 autoreload Watching for file changes with StatReloader
INFO 2024-09-06 14:20:40,671 autoreload C:\Users\Bless\Desktop\try\contactform\formsubmission\views.py changed, reloading.
INFO 2024-09-06 14:20:41,125 autoreload Watching for file changes with StatReloader
INFO 2024-09-06 14:20:59,000 autoreload C:\Users\Bless\Desktop\try\contactform\formsubmission\views.py changed, reloading.
INFO 2024-09-06 14:20:59,459 autoreload Watching for file changes with StatReloader
INFO 2024-09-06 14:21:01,831 autoreload C:\Users\Bless\Desktop\try\contactform\formsubmission\views.py changed, reloading.
INFO 2024-09-06 14:21:02,285 autoreload Watching for file changes with StatReloader
INFO 2024-09-06 14:21:05,687 autoreload C:\Users\Bless\Desktop\try\contactform\formsubmission\views.py changed, reloading.
INFO 2024-09-06 14:21:06,133 autoreload Watching for file changes with StatReloader
INFO 2024-09-06 14:21:26,076 autoreload C:\Users\Bless\Desktop\try\contactform\formsubmission\views.py changed, reloading.
INFO 2024-09-06 14:21:26,531 autoreload Watching for file changes with StatReloader
INFO 2024-09-06 14:21:36,172 autoreload C:\Users\Bless\Desktop\try\contactform\formsubmission\views.py changed, reloading.
INFO 2024-09-06 14:21:36,652 autoreload Watching for file changes with StatReloader
INFO 2024-09-06 14:21:42,129 autoreload C:\Users\Bless\Desktop\try\contactform\formsubmission\views.py changed, reloading.
INFO 2024-09-06 14:21:42,578 autoreload Watching for file changes with StatReloader
INFO 2024-09-06 14:21:50,099 autoreload C:\Users\Bless\Desktop\try\contactform\formsubmission\views.py changed, reloading.
INFO 2024-09-06 14:21:50,546 autoreload Watching for file changes with StatReloader
INFO 2024-09-06 14:22:46,560 autoreload C:\Users\Bless\Desktop\try\contactform\formsubmission\views.py changed, reloading.
INFO 2024-09-06 14:22:47,031 autoreload Watching for file changes with StatReloader
INFO 2024-09-06 14:23:53,417 autoreload C:\Users\Bless\Desktop\try\contactform\formsubmission\views.py changed, reloading.
INFO 2024-09-06 14:23:53,876 autoreload Watching for file changes with StatReloader
INFO 2024-09-06 14:31:41,640 autoreload Watching for file changes with StatReloader
INFO 2024-09-06 14:31:55,356 autoreload C:\Users\Bless\Desktop\try\contactform\formsubmission\urls.py changed, reloading.
INFO 2024-09-06 14:31:55,796 autoreload Watching for file changes with StatReloader
ERROR 2024-09-06 14:32:03,911 log Internal Server Error: /
Traceback (most recent call last):
  File "C:\Users\Bless\AppData\Local\Programs\Python\Python312\Lib\site-packages\django\core\handlers\exception.py", line 55, in inner
    response = get_response(request)
               ^^^^^^^^^^^^^^^^^^^^^
  File "C:\Users\Bless\AppData\Local\Programs\Python\Python312\Lib\site-packages\django\core\handlers\base.py", line 204, in _get_response
    self.check_response(response, callback)
  File "C:\Users\Bless\AppData\Local\Programs\Python\Python312\Lib\site-packages\django\core\handlers\base.py", line 332, in check_response
    raise ValueError(
ValueError: The view formsubmission.views.index didn't return an HttpResponse object. It returned None instead.
ERROR 2024-09-06 14:32:03,912 basehttp "GET / HTTP/1.1" 500 68383
INFO 2024-09-06 14:34:14,029 autoreload Watching for file changes with StatReloader
ERROR 2024-09-06 14:34:21,289 log Internal Server Error: /
Traceback (most recent call last):
  File "C:\Users\Bless\AppData\Local\Programs\Python\Python312\Lib\site-packages\django\core\handlers\exception.py", line 55, in inner
    response = get_response(request)
               ^^^^^^^^^^^^^^^^^^^^^
  File "C:\Users\Bless\AppData\Local\Programs\Python\Python312\Lib\site-packages\django\core\handlers\base.py", line 204, in _get_response
    self.check_response(response, callback)
  File "C:\Users\Bless\AppData\Local\Programs\Python\Python312\Lib\site-packages\django\core\handlers\base.py", line 332, in check_response
    raise ValueError(
ValueError: The view formsubmission.views.index didn't return an HttpResponse object. It returned None instead.
ERROR 2024-09-06 14:34:21,290 basehttp "GET / HTTP/1.1" 500 68383
INFO 2024-09-06 14:38:45,675 autoreload C:\Users\Bless\Desktop\try\contactform\formsubmission\views.py changed, reloading.
INFO 2024-09-06 14:38:46,143 autoreload Watching for file changes with StatReloader
INFO 2024-09-06 14:38:49,791 basehttp "GET / HTTP/1.1" 200 5910
INFO 2024-09-06 14:40:33,371 basehttp "POST / HTTP/1.1" 200 5910
INFO 2024-09-06 14:41:08,432 autoreload C:\Users\Bless\Desktop\try\contactform\formsubmission\views.py changed, reloading.
INFO 2024-09-06 14:41:08,971 autoreload Watching for file changes with StatReloader
INFO 2024-09-06 14:43:18,462 autoreload C:\Users\Bless\Desktop\try\contactform\formsubmission\views.py changed, reloading.
INFO 2024-09-06 14:43:18,948 autoreload Watching for file changes with StatReloader
ERROR 2024-09-06 14:43:25,848 log Internal Server Error: /
Traceback (most recent call last):
  File "C:\Users\Bless\AppData\Local\Programs\Python\Python312\Lib\site-packages\django\core\handlers\exception.py", line 55, in inner
    response = get_response(request)
               ^^^^^^^^^^^^^^^^^^^^^
  File "C:\Users\Bless\AppData\Local\Programs\Python\Python312\Lib\site-packages\django\core\handlers\base.py", line 204, in _get_response
    self.check_response(response, callback)
  File "C:\Users\Bless\AppData\Local\Programs\Python\Python312\Lib\site-packages\django\core\handlers\base.py", line 332, in check_response
    raise ValueError(
ValueError: The view formsubmission.views.index didn't return an HttpResponse object. It returned None instead.
ERROR 2024-09-06 14:43:25,849 basehttp "GET / HTTP/1.1" 500 68383
INFO 2024-09-06 14:43:38,058 autoreload C:\Users\Bless\Desktop\try\contactform\formsubmission\views.py changed, reloading.
INFO 2024-09-06 14:43:38,542 autoreload Watching for file changes with StatReloader
ERROR 2024-09-06 14:43:42,065 log Internal Server Error: /
Traceback (most recent call last):
  File "C:\Users\Bless\AppData\Local\Programs\Python\Python312\Lib\site-packages\django\core\handlers\exception.py", line 55, in inner
    response = get_response(request)
               ^^^^^^^^^^^^^^^^^^^^^
  File "C:\Users\Bless\AppData\Local\Programs\Python\Python312\Lib\site-packages\django\core\handlers\base.py", line 204, in _get_response
    self.check_response(response, callback)
  File "C:\Users\Bless\AppData\Local\Programs\Python\Python312\Lib\site-packages\django\core\handlers\base.py", line 332, in check_response
    raise ValueError(
ValueError: The view formsubmission.views.index didn't return an HttpResponse object. It returned None instead.
ERROR 2024-09-06 14:43:42,067 basehttp "GET / HTTP/1.1" 500 68383
ERROR 2024-09-06 14:43:44,857 log Internal Server Error: /
Traceback (most recent call last):
  File "C:\Users\Bless\AppData\Local\Programs\Python\Python312\Lib\site-packages\django\core\handlers\exception.py", line 55, in inner
    response = get_response(request)
               ^^^^^^^^^^^^^^^^^^^^^
  File "C:\Users\Bless\AppData\Local\Programs\Python\Python312\Lib\site-packages\django\core\handlers\base.py", line 204, in _get_response
    self.check_response(response, callback)
  File "C:\Users\Bless\AppData\Local\Programs\Python\Python312\Lib\site-packages\django\core\handlers\base.py", line 332, in check_response
    raise ValueError(
ValueError: The view formsubmission.views.index didn't return an HttpResponse object. It returned None instead.
ERROR 2024-09-06 14:43:44,858 basehttp "GET / HTTP/1.1" 500 68520
ERROR 2024-09-06 14:43:45,254 log Internal Server Error: /
Traceback (most recent call last):
  File "C:\Users\Bless\AppData\Local\Programs\Python\Python312\Lib\site-packages\django\core\handlers\exception.py", line 55, in inner
    response = get_response(request)
               ^^^^^^^^^^^^^^^^^^^^^
  File "C:\Users\Bless\AppData\Local\Programs\Python\Python312\Lib\site-packages\django\core\handlers\base.py", line 204, in _get_response
    self.check_response(response, callback)
  File "C:\Users\Bless\AppData\Local\Programs\Python\Python312\Lib\site-packages\django\core\handlers\base.py", line 332, in check_response
    raise ValueError(
ValueError: The view formsubmission.views.index didn't return an HttpResponse object. It returned None instead.
ERROR 2024-09-06 14:43:45,255 basehttp "GET / HTTP/1.1" 500 68520
ERROR 2024-09-06 14:43:45,474 log Internal Server Error: /
Traceback (most recent call last):
  File "C:\Users\Bless\AppData\Local\Programs\Python\Python312\Lib\site-packages\django\core\handlers\exception.py", line 55, in inner
    response = get_response(request)
               ^^^^^^^^^^^^^^^^^^^^^
  File "C:\Users\Bless\AppData\Local\Programs\Python\Python312\Lib\site-packages\django\core\handlers\base.py", line 204, in _get_response
    self.check_response(response, callback)
  File "C:\Users\Bless\AppData\Local\Programs\Python\Python312\Lib\site-packages\django\core\handlers\base.py", line 332, in check_response
    raise ValueError(
ValueError: The view formsubmission.views.index didn't return an HttpResponse object. It returned None instead.
ERROR 2024-09-06 14:43:45,475 basehttp "GET / HTTP/1.1" 500 68520
ERROR 2024-09-06 14:43:45,686 log Internal Server Error: /
Traceback (most recent call last):
  File "C:\Users\Bless\AppData\Local\Programs\Python\Python312\Lib\site-packages\django\core\handlers\exception.py", line 55, in inner
    response = get_response(request)
               ^^^^^^^^^^^^^^^^^^^^^
  File "C:\Users\Bless\AppData\Local\Programs\Python\Python312\Lib\site-packages\django\core\handlers\base.py", line 204, in _get_response
    self.check_response(response, callback)
  File "C:\Users\Bless\AppData\Local\Programs\Python\Python312\Lib\site-packages\django\core\handlers\base.py", line 332, in check_response
    raise ValueError(
ValueError: The view formsubmission.views.index didn't return an HttpResponse object. It returned None instead.
ERROR 2024-09-06 14:43:45,687 basehttp "GET / HTTP/1.1" 500 68520
ERROR 2024-09-06 14:43:45,909 log Internal Server Error: /
Traceback (most recent call last):
  File "C:\Users\Bless\AppData\Local\Programs\Python\Python312\Lib\site-packages\django\core\handlers\exception.py", line 55, in inner
    response = get_response(request)
               ^^^^^^^^^^^^^^^^^^^^^
  File "C:\Users\Bless\AppData\Local\Programs\Python\Python312\Lib\site-packages\django\core\handlers\base.py", line 204, in _get_response
    self.check_response(response, callback)
  File "C:\Users\Bless\AppData\Local\Programs\Python\Python312\Lib\site-packages\django\core\handlers\base.py", line 332, in check_response
    raise ValueError(
ValueError: The view formsubmission.views.index didn't return an HttpResponse object. It returned None instead.
ERROR 2024-09-06 14:43:45,910 basehttp "GET / HTTP/1.1" 500 68520
ERROR 2024-09-06 14:43:46,099 log Internal Server Error: /
Traceback (most recent call last):
  File "C:\Users\Bless\AppData\Local\Programs\Python\Python312\Lib\site-packages\django\core\handlers\exception.py", line 55, in inner
    response = get_response(request)
               ^^^^^^^^^^^^^^^^^^^^^
  File "C:\Users\Bless\AppData\Local\Programs\Python\Python312\Lib\site-packages\django\core\handlers\base.py", line 204, in _get_response
    self.check_response(response, callback)
  File "C:\Users\Bless\AppData\Local\Programs\Python\Python312\Lib\site-packages\django\core\handlers\base.py", line 332, in check_response
    raise ValueError(
ValueError: The view formsubmission.views.index didn't return an HttpResponse object. It returned None instead.
ERROR 2024-09-06 14:43:46,100 basehttp "GET / HTTP/1.1" 500 68520
ERROR 2024-09-06 14:43:46,286 log Internal Server Error: /
Traceback (most recent call last):
  File "C:\Users\Bless\AppData\Local\Programs\Python\Python312\Lib\site-packages\django\core\handlers\exception.py", line 55, in inner
    response = get_response(request)
               ^^^^^^^^^^^^^^^^^^^^^
  File "C:\Users\Bless\AppData\Local\Programs\Python\Python312\Lib\site-packages\django\core\handlers\base.py", line 204, in _get_response
    self.check_response(response, callback)
  File "C:\Users\Bless\AppData\Local\Programs\Python\Python312\Lib\site-packages\django\core\handlers\base.py", line 332, in check_response
    raise ValueError(
ValueError: The view formsubmission.views.index didn't return an HttpResponse object. It returned None instead.
ERROR 2024-09-06 14:43:46,287 basehttp "GET / HTTP/1.1" 500 68520
INFO 2024-09-06 14:44:08,297 autoreload C:\Users\Bless\Desktop\try\contactform\formsubmission\views.py changed, reloading.
INFO 2024-09-06 14:44:08,752 autoreload Watching for file changes with StatReloader
INFO 2024-09-06 14:44:16,318 autoreload C:\Users\Bless\Desktop\try\contactform\formsubmission\views.py changed, reloading.
INFO 2024-09-06 14:44:16,791 autoreload Watching for file changes with StatReloader
INFO 2024-09-06 14:44:21,226 autoreload C:\Users\Bless\Desktop\try\contactform\formsubmission\views.py changed, reloading.
INFO 2024-09-06 14:44:21,684 autoreload Watching for file changes with StatReloader
INFO 2024-09-06 14:44:26,103 autoreload C:\Users\Bless\Desktop\try\contactform\formsubmission\views.py changed, reloading.
INFO 2024-09-06 14:44:26,567 autoreload Watching for file changes with StatReloader
INFO 2024-09-06 14:44:28,984 autoreload C:\Users\Bless\Desktop\try\contactform\formsubmission\views.py changed, reloading.
INFO 2024-09-06 14:44:29,440 autoreload Watching for file changes with StatReloader
INFO 2024-09-06 14:44:33,947 autoreload C:\Users\Bless\Desktop\try\contactform\formsubmission\views.py changed, reloading.
INFO 2024-09-06 14:44:34,476 autoreload Watching for file changes with StatReloader
INFO 2024-09-06 15:39:20,173 autoreload C:\Users\Bless\Desktop\try\contactform\formsubmission\views.py changed, reloading.
INFO 2024-09-06 15:39:20,639 autoreload Watching for file changes with StatReloader
INFO 2024-09-06 15:39:31,309 autoreload C:\Users\Bless\Desktop\try\contactform\formsubmission\views.py changed, reloading.
INFO 2024-09-06 15:39:31,771 autoreload Watching for file changes with StatReloader
INFO 2024-09-06 15:39:42,233 basehttp "GET / HTTP/1.1" 200 5910
ERROR 2024-09-06 15:40:35,791 log Internal Server Error: /
Traceback (most recent call last):
  File "C:\Users\Bless\AppData\Local\Programs\Python\Python312\Lib\site-packages\django\core\handlers\exception.py", line 55, in inner
    response = get_response(request)
               ^^^^^^^^^^^^^^^^^^^^^
  File "C:\Users\Bless\AppData\Local\Programs\Python\Python312\Lib\site-packages\django\core\handlers\base.py", line 197, in _get_response
    response = wrapped_callback(request, *callback_args, **callback_kwargs)
               ^^^^^^^^^^^^^^^^^^^^^^^^^^^^^^^^^^^^^^^^^^^^^^^^^^^^^^^^^^^^
  File "C:\Users\Bless\Desktop\try\contactform\formsubmission\views.py", line 54, in index
    form.save()
TypeError: BaseModelForm.save() missing 1 required positional argument: 'self'
ERROR 2024-09-06 15:40:35,794 basehttp "POST / HTTP/1.1" 500 73307
INFO 2024-09-06 15:51:29,851 autoreload C:\Users\Bless\Desktop\try\contactform\formsubmission\views.py changed, reloading.
INFO 2024-09-06 15:51:30,430 autoreload Watching for file changes with StatReloader
INFO 2024-09-06 15:51:33,649 basehttp "GET / HTTP/1.1" 200 5910
INFO 2024-09-06 15:52:05,115 basehttp "POST / HTTP/1.1" 200 5910
INFO 2024-09-06 15:53:11,303 autoreload C:\Users\Bless\Desktop\try\contactform\formsubmission\views.py changed, reloading.
INFO 2024-09-06 15:53:11,786 autoreload Watching for file changes with StatReloader
INFO 2024-09-06 15:53:13,173 autoreload C:\Users\Bless\Desktop\try\contactform\formsubmission\views.py changed, reloading.
INFO 2024-09-06 15:53:13,633 autoreload Watching for file changes with StatReloader
INFO 2024-09-06 15:53:26,332 autoreload C:\Users\Bless\Desktop\try\contactform\formsubmission\views.py changed, reloading.
INFO 2024-09-06 15:53:26,776 autoreload Watching for file changes with StatReloader
INFO 2024-09-06 15:53:35,349 basehttp "GET / HTTP/1.1" 200 5910
ERROR 2024-09-06 15:54:03,576 log Internal Server Error: /
Traceback (most recent call last):
  File "C:\Users\Bless\AppData\Local\Programs\Python\Python312\Lib\site-packages\django\core\handlers\exception.py", line 55, in inner
    response = get_response(request)
               ^^^^^^^^^^^^^^^^^^^^^
  File "C:\Users\Bless\AppData\Local\Programs\Python\Python312\Lib\site-packages\django\core\handlers\base.py", line 197, in _get_response
    response = wrapped_callback(request, *callback_args, **callback_kwargs)
               ^^^^^^^^^^^^^^^^^^^^^^^^^^^^^^^^^^^^^^^^^^^^^^^^^^^^^^^^^^^^
  File "C:\Users\Bless\Desktop\try\contactform\formsubmission\views.py", line 54, in index
    form.save()
TypeError: BaseModelForm.save() missing 1 required positional argument: 'self'
ERROR 2024-09-06 15:54:03,579 basehttp "POST / HTTP/1.1" 500 73307
INFO 2024-09-06 15:54:12,025 autoreload C:\Users\Bless\Desktop\try\contactform\formsubmission\views.py changed, reloading.
INFO 2024-09-06 15:54:12,495 autoreload Watching for file changes with StatReloader
INFO 2024-09-06 15:54:14,916 autoreload C:\Users\Bless\Desktop\try\contactform\formsubmission\views.py changed, reloading.
INFO 2024-09-06 15:54:15,429 autoreload Watching for file changes with StatReloader
INFO 2024-09-06 15:54:20,883 autoreload C:\Users\Bless\Desktop\try\contactform\formsubmission\views.py changed, reloading.
INFO 2024-09-06 15:54:21,330 autoreload Watching for file changes with StatReloader
INFO 2024-09-06 15:54:25,167 basehttp "GET / HTTP/1.1" 200 5910
INFO 2024-09-06 15:55:14,885 basehttp - Broken pipe from ('127.0.0.1', 8168)
INFO 2024-09-06 15:55:19,800 basehttp "POST / HTTP/1.1" 200 1656
INFO 2024-09-06 15:56:04,679 basehttp "GET / HTTP/1.1" 200 5910
